[35m[1mScanning dependencies of target csAirLink.xml-v1.0[0m
[35m[1mScanning dependencies of target cubepilot.xml-v2.0[0m
[35m[1mScanning dependencies of target uAvionix.xml-v1.0[0m
[35m[1mScanning dependencies of target icarous.xml-v1.0[0m
[35m[1mScanning dependencies of target ualberta.xml-v1.0[0m
[35m[1mScanning dependencies of target storm32.xml-v1.0[0m
[35m[1mScanning dependencies of target ualberta.xml-v2.0[0m
[  3%] [34m[1mGenerating include/v1.0/uAvionix/uAvionix.h[0m
[ 20%] [34m[1mGenerating include/v1.0/ualberta/ualberta.h[0m
[ 20%] [34m[1mGenerating include/v1.0/csAirLink/csAirLink.h[0m
[ 20%] [34m[1mGenerating include/v1.0/storm32/storm32.h[0m
[ 20%] [34m[1mGenerating ualberta-v2.0-cxx-stamp[0m
[ 23%] [34m[1mGenerating include/v1.0/icarous/icarous.h[0m
[ 20%] [34m[1mGenerating cubepilot-v2.0-cxx-stamp[0m
Validating /home/tejal/catkin_ws/src/mavlink/message_definitions/v1.0/uAvionix.xml
Validating /home/tejal/catkin_ws/src/mavlink/message_definitions/v1.0/ualberta.xml
Validating /home/tejal/catkin_ws/src/mavlink/message_definitions/v1.0/ualberta.xml
Validating /home/tejal/catkin_ws/src/mavlink/message_definitions/v1.0/icarous.xml
Validating /home/tejal/catkin_ws/src/mavlink/message_definitions/v1.0/cubepilot.xml
Validating /home/tejal/catkin_ws/src/mavlink/message_definitions/v1.0/storm32.xml
Validating /home/tejal/catkin_ws/src/mavlink/message_definitions/v1.0/csAirLink.xml
Parsing /home/tejal/catkin_ws/src/mavlink/message_definitions/v1.0/cubepilot.xml
Parsing /home/tejal/catkin_ws/src/mavlink/message_definitions/v1.0/icarous.xml
Parsing /home/tejal/catkin_ws/src/mavlink/message_definitions/v1.0/ualberta.xml
Parsing /home/tejal/catkin_ws/src/mavlink/message_definitions/v1.0/ualberta.xml
Parsing /home/tejal/catkin_ws/src/mavlink/message_definitions/v1.0/uAvionix.xml
Parsing /home/tejal/catkin_ws/src/mavlink/message_definitions/v1.0/csAirLink.xml
Found 0 MAVLink message types in 1 XML files
Parsing /home/tejal/catkin_ws/src/mavlink/message_definitions/v1.0/storm32.xml
Found 0 MAVLink message types in 1 XML files
Validating /home/tejal/catkin_ws/src/mavlink/message_definitions/v1.0/common.xml
Validating /home/tejal/catkin_ws/src/mavlink/message_definitions/v1.0/common.xml
Validating /home/tejal/catkin_ws/src/mavlink/message_definitions/v1.0/common.xml
Validating /home/tejal/catkin_ws/src/mavlink/message_definitions/v1.0/common.xml
Validating /home/tejal/catkin_ws/src/mavlink/message_definitions/v1.0/ardupilotmega.xml
Generating C implementation in directory include/v1.0/icarous
Generating C implementation in directory include/v1.0/csAirLink
Copying fixed headers for protocol 1.0 to include/v1.0
Copying fixed headers for protocol 1.0 to include/v1.0
Parsing /home/tejal/catkin_ws/src/mavlink/message_definitions/v1.0/ardupilotmega.xml
[ 23%] Built target icarous.xml-v1.0
[ 23%] Built target csAirLink.xml-v1.0
Parsing /home/tejal/catkin_ws/src/mavlink/message_definitions/v1.0/common.xml
Parsing /home/tejal/catkin_ws/src/mavlink/message_definitions/v1.0/common.xml
Parsing /home/tejal/catkin_ws/src/mavlink/message_definitions/v1.0/common.xml
Validating /home/tejal/catkin_ws/src/mavlink/message_definitions/v1.0/common.xml
Parsing /home/tejal/catkin_ws/src/mavlink/message_definitions/v1.0/common.xml
[35m[1mScanning dependencies of target paparazzi.xml-v1.0[0m
[35m[1mScanning dependencies of target paparazzi.xml-v2.0[0m
[ 26%] [34m[1mGenerating include/v1.0/paparazzi/paparazzi.h[0m
Parsing /home/tejal/catkin_ws/src/mavlink/message_definitions/v1.0/common.xml
[ 30%] [34m[1mGenerating paparazzi-v2.0-cxx-stamp[0m
Validating /home/tejal/catkin_ws/src/mavlink/message_definitions/v1.0/standard.xml
Parsing /home/tejal/catkin_ws/src/mavlink/message_definitions/v1.0/standard.xml
Validating /home/tejal/catkin_ws/src/mavlink/message_definitions/v1.0/minimal.xml
Parsing /home/tejal/catkin_ws/src/mavlink/message_definitions/v1.0/minimal.xml
Found 145 MAVLink message types in 4 XML files
Generating C implementation in directory include/v1.0/ualberta
Generating C implementation in directory include/v1.0/common
Validating /home/tejal/catkin_ws/src/mavlink/message_definitions/v1.0/standard.xml
Parsing /home/tejal/catkin_ws/src/mavlink/message_definitions/v1.0/standard.xml
Validating /home/tejal/catkin_ws/src/mavlink/message_definitions/v1.0/minimal.xml
Parsing /home/tejal/catkin_ws/src/mavlink/message_definitions/v1.0/minimal.xml
Validating /home/tejal/catkin_ws/src/mavlink/message_definitions/v1.0/paparazzi.xml
Parsing /home/tejal/catkin_ws/src/mavlink/message_definitions/v1.0/paparazzi.xml
Validating /home/tejal/catkin_ws/src/mavlink/message_definitions/v1.0/common.xml
Validating /home/tejal/catkin_ws/src/mavlink/message_definitions/v1.0/standard.xml
Parsing /home/tejal/catkin_ws/src/mavlink/message_definitions/v1.0/standard.xml
Found 142 MAVLink message types in 4 XML files
Validating /home/tejal/catkin_ws/src/mavlink/message_definitions/v1.0/minimal.xml
Generating C implementation in directory include/v1.0/uAvionix
Parsing /home/tejal/catkin_ws/src/mavlink/message_definitions/v1.0/minimal.xml
Generating C implementation in directory include/v1.0/common
Validating /home/tejal/catkin_ws/src/mavlink/message_definitions/v1.0/standard.xml
Parsing /home/tejal/catkin_ws/src/mavlink/message_definitions/v1.0/standard.xml
Validating /home/tejal/catkin_ws/src/mavlink/message_definitions/v1.0/minimal.xml
Parsing /home/tejal/catkin_ws/src/mavlink/message_definitions/v1.0/minimal.xml
Validating /home/tejal/catkin_ws/src/mavlink/message_definitions/v1.0/paparazzi.xml
Found 224 MAVLink message types in 4 XML files
Parsing /home/tejal/catkin_ws/src/mavlink/message_definitions/v1.0/paparazzi.xml
Validating /home/tejal/catkin_ws/src/mavlink/message_definitions/v1.0/common.xml
Generating C headers
Generating C implementation in directory include/v2.0/ualberta
Found 226 MAVLink message types in 4 XML files
Validating /home/tejal/catkin_ws/src/mavlink/message_definitions/v1.0/uAvionix.xml
Parsing /home/tejal/catkin_ws/src/mavlink/message_definitions/v1.0/uAvionix.xml
Validating /home/tejal/catkin_ws/src/mavlink/message_definitions/v1.0/icarous.xml
Generating C headers
Parsing /home/tejal/catkin_ws/src/mavlink/message_definitions/v1.0/icarous.xml
Generating C implementation in directory include/v2.0/cubepilot
Validating /home/tejal/catkin_ws/src/mavlink/message_definitions/v1.0/cubepilot.xml
Parsing /home/tejal/catkin_ws/src/mavlink/message_definitions/v1.0/cubepilot.xml
Validating /home/tejal/catkin_ws/src/mavlink/message_definitions/v1.0/csAirLink.xml
Parsing /home/tejal/catkin_ws/src/mavlink/message_definitions/v1.0/csAirLink.xml
Validating /home/tejal/catkin_ws/src/mavlink/message_definitions/v1.0/standard.xml
Parsing /home/tejal/catkin_ws/src/mavlink/message_definitions/v1.0/standard.xml
Validating /home/tejal/catkin_ws/src/mavlink/message_definitions/v1.0/minimal.xml
Parsing /home/tejal/catkin_ws/src/mavlink/message_definitions/v1.0/common.xml
Generating C implementation in directory include/v2.0/common
Parsing /home/tejal/catkin_ws/src/mavlink/message_definitions/v1.0/minimal.xml
Merged enum MAV_CMD
Merged enum MAV_CMD
Generating C implementation in directory include/v2.0/common
Found 190 MAVLink message types in 9 XML files
Generating C implementation in directory include/v1.0/storm32
Parsing /home/tejal/catkin_ws/src/mavlink/message_definitions/v1.0/common.xml
Generating C implementation in directory include/v1.0/ardupilotmega
Validating /home/tejal/catkin_ws/src/mavlink/message_definitions/v1.0/standard.xml
Parsing /home/tejal/catkin_ws/src/mavlink/message_definitions/v1.0/standard.xml
Validating /home/tejal/catkin_ws/src/mavlink/message_definitions/v1.0/minimal.xml
Parsing /home/tejal/catkin_ws/src/mavlink/message_definitions/v1.0/minimal.xml
Found 147 MAVLink message types in 4 XML files
Generating C implementation in directory include/v1.0/paparazzi
Generating C implementation in directory include/v1.0/common
Validating /home/tejal/catkin_ws/src/mavlink/message_definitions/v1.0/standard.xml
Parsing /home/tejal/catkin_ws/src/mavlink/message_definitions/v1.0/standard.xml
Validating /home/tejal/catkin_ws/src/mavlink/message_definitions/v1.0/minimal.xml
Parsing /home/tejal/catkin_ws/src/mavlink/message_definitions/v1.0/minimal.xml
Generating C implementation in directory include/v1.0/common
Found 226 MAVLink message types in 4 XML files
Generating C headers
Generating C implementation in directory include/v2.0/paparazzi
Generating C implementation in directory include/v2.0/common
Generating C implementation in directory include/v1.0/standard
Generating C implementation in directory include/v1.0/minimal
Copying fixed headers for protocol 1.0 to include/v1.0
[ 30%] Built target ualberta.xml-v1.0
Generating C implementation in directory include/v1.0/standard
Generating C implementation in directory include/v1.0/minimal
Copying fixed headers for protocol 1.0 to include/v1.0
[35m[1mScanning dependencies of target standard.xml-v1.0[0m
[ 33%] Built target standard.xml-v1.0
[ 33%] Built target uAvionix.xml-v1.0
[35m[1mScanning dependencies of target cubepilot.xml-v1.0[0m
[35m[1mScanning dependencies of target uAvionix.xml-v2.0[0m
[ 36%] [34m[1mGenerating include/v1.0/cubepilot/cubepilot.h[0m
[ 40%] [34m[1mGenerating uAvionix-v2.0-cxx-stamp[0m
Validating /home/tejal/catkin_ws/src/mavlink/message_definitions/v1.0/cubepilot.xml
Validating /home/tejal/catkin_ws/src/mavlink/message_definitions/v1.0/uAvionix.xml
Parsing /home/tejal/catkin_ws/src/mavlink/message_definitions/v1.0/cubepilot.xml
Parsing /home/tejal/catkin_ws/src/mavlink/message_definitions/v1.0/uAvionix.xml
Validating /home/tejal/catkin_ws/src/mavlink/message_definitions/v1.0/common.xml
Generating C implementation in directory include/v1.0/standard
Generating C implementation in directory include/v1.0/minimal
Validating /home/tejal/catkin_ws/src/mavlink/message_definitions/v1.0/common.xml
Copying fixed headers for protocol 1.0 to include/v1.0
Generating C implementation in directory include/v1.0/uAvionix
Generating C implementation in directory include/v1.0/icarous
Generating C implementation in directory include/v1.0/cubepilot
Generating C implementation in directory include/v1.0/csAirLink
Generating C implementation in directory include/v1.0/standard
Generating C implementation in directory include/v1.0/minimal
Parsing /home/tejal/catkin_ws/src/mavlink/message_definitions/v1.0/common.xml
Parsing /home/tejal/catkin_ws/src/mavlink/message_definitions/v1.0/common.xml
[ 40%] Built target paparazzi.xml-v1.0
Copying fixed headers for protocol 1.0 to include/v1.0
[35m[1mScanning dependencies of target all.xml-v1.0[0m
[ 40%] Built target storm32.xml-v1.0
[ 43%] [34m[1mGenerating include/v1.0/all/all.h[0m
[35m[1mScanning dependencies of target ardupilotmega.xml-v1.0[0m
[ 46%] Built target ardupilotmega.xml-v1.0
Generating C implementation in directory include/v2.0/standard
Generating C implementation in directory include/v2.0/minimal
[35m[1mScanning dependencies of target all.xml-v2.0[0m
Copying fixed headers for protocol 2.0 to include/v2.0
Generating C++ implementation in directory include/v2.0/ualberta
Generating C++ implementation in directory include/v2.0/common
[ 50%] [34m[1mGenerating all-v2.0-cxx-stamp[0m
Validating /home/tejal/catkin_ws/src/mavlink/message_definitions/v1.0/standard.xml
Parsing /home/tejal/catkin_ws/src/mavlink/message_definitions/v1.0/standard.xml
Validating /home/tejal/catkin_ws/src/mavlink/message_definitions/v1.0/minimal.xml
Parsing /home/tejal/catkin_ws/src/mavlink/message_definitions/v1.0/minimal.xml
Validating /home/tejal/catkin_ws/src/mavlink/message_definitions/v1.0/all.xml
Parsing /home/tejal/catkin_ws/src/mavlink/message_definitions/v1.0/all.xml
Validating /home/tejal/catkin_ws/src/mavlink/message_definitions/v1.0/ardupilotmega.xml
Validating /home/tejal/catkin_ws/src/mavlink/message_definitions/v1.0/standard.xml
Parsing /home/tejal/catkin_ws/src/mavlink/message_definitions/v1.0/standard.xml
Validating /home/tejal/catkin_ws/src/mavlink/message_definitions/v1.0/minimal.xml
Parsing /home/tejal/catkin_ws/src/mavlink/message_definitions/v1.0/minimal.xml
Parsing /home/tejal/catkin_ws/src/mavlink/message_definitions/v1.0/ardupilotmega.xml
Generating C implementation in directory include/v2.0/standard
Generating C implementation in directory include/v2.0/minimal
Found 142 MAVLink message types in 4 XML files
Generating C implementation in directory include/v1.0/cubepilot
Generating C implementation in directory include/v1.0/common
Copying fixed headers for protocol 2.0 to include/v2.0
Found 224 MAVLink message types in 4 XML files
Generating C++ implementation in directory include/v2.0/cubepilot
Generating C headers
Generating C implementation in directory include/v2.0/uAvionix
Generating C++ implementation in directory include/v2.0/common
Validating /home/tejal/catkin_ws/src/mavlink/message_definitions/v1.0/ASLUAV.xml
Parsing /home/tejal/catkin_ws/src/mavlink/message_definitions/v1.0/ASLUAV.xml
Generating C implementation in directory include/v2.0/common
Validating /home/tejal/catkin_ws/src/mavlink/message_definitions/v1.0/common.xml
Validating /home/tejal/catkin_ws/src/mavlink/message_definitions/v1.0/all.xml
Parsing /home/tejal/catkin_ws/src/mavlink/message_definitions/v1.0/all.xml
Validating /home/tejal/catkin_ws/src/mavlink/message_definitions/v1.0/ardupilotmega.xml
Parsing /home/tejal/catkin_ws/src/mavlink/message_definitions/v1.0/common.xml
Parsing /home/tejal/catkin_ws/src/mavlink/message_definitions/v1.0/ardupilotmega.xml
Validating /home/tejal/catkin_ws/src/mavlink/message_definitions/v1.0/ASLUAV.xml
Parsing /home/tejal/catkin_ws/src/mavlink/message_definitions/v1.0/ASLUAV.xml
Validating /home/tejal/catkin_ws/src/mavlink/message_definitions/v1.0/common.xml
Generating C implementation in directory include/v2.0/standard
Generating C implementation in directory include/v2.0/minimal
Copying fixed headers for protocol 2.0 to include/v2.0
Generating C++ implementation in directory include/v2.0/paparazzi
Generating C++ implementation in directory include/v2.0/common
Parsing /home/tejal/catkin_ws/src/mavlink/message_definitions/v1.0/common.xml
Validating /home/tejal/catkin_ws/src/mavlink/message_definitions/v1.0/development.xml
Parsing /home/tejal/catkin_ws/src/mavlink/message_definitions/v1.0/development.xml
Validating /home/tejal/catkin_ws/src/mavlink/message_definitions/v1.0/icarous.xml
Generating C++ implementation in directory include/v2.0/standard
Parsing /home/tejal/catkin_ws/src/mavlink/message_definitions/v1.0/icarous.xml
Generating C++ implementation in directory include/v2.0/minimal
Validating /home/tejal/catkin_ws/src/mavlink/message_definitions/v1.0/minimal.xml
Parsing /home/tejal/catkin_ws/src/mavlink/message_definitions/v1.0/minimal.xml
Copying fixed C++ headers for protocol 2.0 to include/v2.0
Validating /home/tejal/catkin_ws/src/mavlink/message_definitions/v1.0/python_array_test.xml
Parsing /home/tejal/catkin_ws/src/mavlink/message_definitions/v1.0/python_array_test.xml
Validating /home/tejal/catkin_ws/src/mavlink/message_definitions/v1.0/standard.xml
Parsing /home/tejal/catkin_ws/src/mavlink/message_definitions/v1.0/standard.xml
Validating /home/tejal/catkin_ws/src/mavlink/message_definitions/v1.0/test.xml
Parsing /home/tejal/catkin_ws/src/mavlink/message_definitions/v1.0/test.xml
Validating /home/tejal/catkin_ws/src/mavlink/message_definitions/v1.0/ualberta.xml
Parsing /home/tejal/catkin_ws/src/mavlink/message_definitions/v1.0/ualberta.xml
Validating /home/tejal/catkin_ws/src/mavlink/message_definitions/v1.0/uAvionix.xml
Parsing /home/tejal/catkin_ws/src/mavlink/message_definitions/v1.0/uAvionix.xml
Validating /home/tejal/catkin_ws/src/mavlink/message_definitions/v1.0/storm32.xml
Parsing /home/tejal/catkin_ws/src/mavlink/message_definitions/v1.0/storm32.xml
Validating /home/tejal/catkin_ws/src/mavlink/message_definitions/v1.0/AVSSUAS.xml
Parsing /home/tejal/catkin_ws/src/mavlink/message_definitions/v1.0/AVSSUAS.xml
Validating /home/tejal/catkin_ws/src/mavlink/message_definitions/v1.0/cubepilot.xml
Parsing /home/tejal/catkin_ws/src/mavlink/message_definitions/v1.0/cubepilot.xml
Validating /home/tejal/catkin_ws/src/mavlink/message_definitions/v1.0/csAirLink.xml
Parsing /home/tejal/catkin_ws/src/mavlink/message_definitions/v1.0/csAirLink.xml
Merged enum MAV_CMD
Merged enum MAV_CMD
Merged enum MAV_CMD
Merged enum MAV_CMD
Merged enum MAV_CMD
[ 50%] Built target ualberta.xml-v2.0
Found 196 MAVLink message types in 16 XML files
Generating C implementation in directory include/v1.0/all
Generating C implementation in directory include/v1.0/ardupilotmega
Generating C++ implementation in directory include/v2.0/standard
Generating C++ implementation in directory include/v2.0/minimal
Copying fixed C++ headers for protocol 2.0 to include/v2.0
[35m[1mScanning dependencies of target icarous.xml-v2.0[0m
Validating /home/tejal/catkin_ws/src/mavlink/message_definitions/v1.0/development.xml
Parsing /home/tejal/catkin_ws/src/mavlink/message_definitions/v1.0/development.xml
Validating /home/tejal/catkin_ws/src/mavlink/message_definitions/v1.0/icarous.xml
Parsing /home/tejal/catkin_ws/src/mavlink/message_definitions/v1.0/icarous.xml
Validating /home/tejal/catkin_ws/src/mavlink/message_definitions/v1.0/minimal.xml
[ 50%] Built target cubepilot.xml-v2.0
[ 53%] [34m[1mGenerating icarous-v2.0-cxx-stamp[0m
Parsing /home/tejal/catkin_ws/src/mavlink/message_definitions/v1.0/minimal.xml
Validating /home/tejal/catkin_ws/src/mavlink/message_definitions/v1.0/python_array_test.xml
Parsing /home/tejal/catkin_ws/src/mavlink/message_definitions/v1.0/python_array_test.xml
Validating /home/tejal/catkin_ws/src/mavlink/message_definitions/v1.0/standard.xml
Parsing /home/tejal/catkin_ws/src/mavlink/message_definitions/v1.0/standard.xml
Validating /home/tejal/catkin_ws/src/mavlink/message_definitions/v1.0/test.xml
Parsing /home/tejal/catkin_ws/src/mavlink/message_definitions/v1.0/test.xml
Validating /home/tejal/catkin_ws/src/mavlink/message_definitions/v1.0/ualberta.xml
Parsing /home/tejal/catkin_ws/src/mavlink/message_definitions/v1.0/ualberta.xml
Validating /home/tejal/catkin_ws/src/mavlink/message_definitions/v1.0/uAvionix.xml
[35m[1mScanning dependencies of target storm32.xml-v2.0[0m
Parsing /home/tejal/catkin_ws/src/mavlink/message_definitions/v1.0/uAvionix.xml
Validating /home/tejal/catkin_ws/src/mavlink/message_definitions/v1.0/storm32.xml
Parsing /home/tejal/catkin_ws/src/mavlink/message_definitions/v1.0/storm32.xml
Validating /home/tejal/catkin_ws/src/mavlink/message_definitions/v1.0/AVSSUAS.xml
Parsing /home/tejal/catkin_ws/src/mavlink/message_definitions/v1.0/AVSSUAS.xml
Validating /home/tejal/catkin_ws/src/mavlink/message_definitions/v1.0/cubepilot.xml
Parsing /home/tejal/catkin_ws/src/mavlink/message_definitions/v1.0/cubepilot.xml
Validating /home/tejal/catkin_ws/src/mavlink/message_definitions/v1.0/csAirLink.xml
Parsing /home/tejal/catkin_ws/src/mavlink/message_definitions/v1.0/csAirLink.xml
Merged enum MAV_CMD
Merged enum MAV_CMD
Merged enum MAV_CMD
Merged enum MAV_CMD
Merged enum MAV_CMD
[ 56%] [34m[1mGenerating storm32-v2.0-cxx-stamp[0m
Found 360 MAVLink message types in 16 XML files
Generating C++ implementation in directory include/v2.0/standard
Generating C++ implementation in directory include/v2.0/minimal
Generating C headers
Generating C implementation in directory include/v2.0/all
Generating C implementation in directory include/v2.0/ardupilotmega
Copying fixed C++ headers for protocol 2.0 to include/v2.0
Generating C implementation in directory include/v1.0/ASLUAV
Validating /home/tejal/catkin_ws/src/mavlink/message_definitions/v1.0/icarous.xml
Parsing /home/tejal/catkin_ws/src/mavlink/message_definitions/v1.0/icarous.xml
Found 2 MAVLink message types in 1 XML files
Generating C implementation in directory include/v1.0/common
Generating C headers
Generating C implementation in directory include/v2.0/icarous
[ 56%] Built target paparazzi.xml-v2.0
Copying fixed headers for protocol 2.0 to include/v2.0
Generating C++ implementation in directory include/v2.0/icarous
Copying fixed C++ headers for protocol 2.0 to include/v2.0
[35m[1mScanning dependencies of target development.xml-v1.0[0m
Validating /home/tejal/catkin_ws/src/mavlink/message_definitions/v1.0/storm32.xml
Parsing /home/tejal/catkin_ws/src/mavlink/message_definitions/v1.0/storm32.xml
[ 56%] Built target icarous.xml-v2.0
[ 60%] [34m[1mGenerating include/v1.0/development/development.h[0m
Validating /home/tejal/catkin_ws/src/mavlink/message_definitions/v1.0/ardupilotmega.xml
Parsing /home/tejal/catkin_ws/src/mavlink/message_definitions/v1.0/ardupilotmega.xml
[35m[1mScanning dependencies of target ASLUAV.xml-v1.0[0m
Generating C implementation in directory include/v1.0/standard
Generating C implementation in directory include/v1.0/minimal
Copying fixed headers for protocol 1.0 to include/v1.0
[ 63%] Built target ASLUAV.xml-v1.0
Validating /home/tejal/catkin_ws/src/mavlink/message_definitions/v1.0/common.xml
[35m[1mScanning dependencies of target AVSSUAS.xml-v2.0[0m
[ 63%] Built target cubepilot.xml-v1.0
[ 66%] [34m[1mGenerating AVSSUAS-v2.0-cxx-stamp[0m
[35m[1mScanning dependencies of target standard.xml-v2.0[0m
Parsing /home/tejal/catkin_ws/src/mavlink/message_definitions/v1.0/common.xml
Validating /home/tejal/catkin_ws/src/mavlink/message_definitions/v1.0/development.xml
Parsing /home/tejal/catkin_ws/src/mavlink/message_definitions/v1.0/development.xml
[ 70%] [34m[1mGenerating standard-v2.0-cxx-stamp[0m
Validating /home/tejal/catkin_ws/src/mavlink/message_definitions/v1.0/common.xml
Generating C implementation in directory include/v2.0/ASLUAV
Parsing /home/tejal/catkin_ws/src/mavlink/message_definitions/v1.0/common.xml
Validating /home/tejal/catkin_ws/src/mavlink/message_definitions/v1.0/AVSSUAS.xml
Parsing /home/tejal/catkin_ws/src/mavlink/message_definitions/v1.0/AVSSUAS.xml
Validating /home/tejal/catkin_ws/src/mavlink/message_definitions/v1.0/common.xml
Validating /home/tejal/catkin_ws/src/mavlink/message_definitions/v1.0/standard.xml
Parsing /home/tejal/catkin_ws/src/mavlink/message_definitions/v1.0/standard.xml
Validating /home/tejal/catkin_ws/src/mavlink/message_definitions/v1.0/minimal.xml
Parsing /home/tejal/catkin_ws/src/mavlink/message_definitions/v1.0/minimal.xml
Found 2 MAVLink message types in 2 XML files
Generating C headers
Generating C implementation in directory include/v2.0/standard
Generating C implementation in directory include/v2.0/minimal
Parsing /home/tejal/catkin_ws/src/mavlink/message_definitions/v1.0/common.xml
Copying fixed headers for protocol 2.0 to include/v2.0
Generating C++ implementation in directory include/v2.0/standard
Generating C++ implementation in directory include/v2.0/minimal
Generating C implementation in directory include/v2.0/common
Copying fixed C++ headers for protocol 2.0 to include/v2.0
Validating /home/tejal/catkin_ws/src/mavlink/message_definitions/v1.0/uAvionix.xml
Parsing /home/tejal/catkin_ws/src/mavlink/message_definitions/v1.0/uAvionix.xml
Validating /home/tejal/catkin_ws/src/mavlink/message_definitions/v1.0/icarous.xml
Parsing /home/tejal/catkin_ws/src/mavlink/message_definitions/v1.0/icarous.xml
Validating /home/tejal/catkin_ws/src/mavlink/message_definitions/v1.0/cubepilot.xml
Parsing /home/tejal/catkin_ws/src/mavlink/message_definitions/v1.0/cubepilot.xml
Validating /home/tejal/catkin_ws/src/mavlink/message_definitions/v1.0/csAirLink.xml
Parsing /home/tejal/catkin_ws/src/mavlink/message_definitions/v1.0/csAirLink.xml
Validating /home/tejal/catkin_ws/src/mavlink/message_definitions/v1.0/standard.xml
Parsing /home/tejal/catkin_ws/src/mavlink/message_definitions/v1.0/standard.xml
Validating /home/tejal/catkin_ws/src/mavlink/message_definitions/v1.0/minimal.xml
Parsing /home/tejal/catkin_ws/src/mavlink/message_definitions/v1.0/minimal.xml
[ 70%] Built target standard.xml-v2.0
Merged enum MAV_CMD
Merged enum MAV_CMD
Validating /home/tejal/catkin_ws/src/mavlink/message_definitions/v1.0/standard.xml
Parsing /home/tejal/catkin_ws/src/mavlink/message_definitions/v1.0/standard.xml
Validating /home/tejal/catkin_ws/src/mavlink/message_definitions/v1.0/minimal.xml
Found 312 MAVLink message types in 9 XML files
[35m[1mScanning dependencies of target common.xml-v1.0[0m
Parsing /home/tejal/catkin_ws/src/mavlink/message_definitions/v1.0/minimal.xml
Generating C headers
Generating C implementation in directory include/v2.0/storm32
Merged enum MAV_CMD
Found 143 MAVLink message types in 4 XML files
Generating C implementation in directory include/v1.0/development
[ 73%] Built target common.xml-v1.0
Generating C implementation in directory include/v1.0/common
[35m[1mScanning dependencies of target ardupilotmega.xml-v2.0[0m
Generating C implementation in directory include/v2.0/ardupilotmega
[ 76%] [34m[1mGenerating ardupilotmega-v2.0-cxx-stamp[0m
Validating /home/tejal/catkin_ws/src/mavlink/message_definitions/v1.0/standard.xml
Parsing /home/tejal/catkin_ws/src/mavlink/message_definitions/v1.0/standard.xml
Validating /home/tejal/catkin_ws/src/mavlink/message_definitions/v1.0/minimal.xml
Parsing /home/tejal/catkin_ws/src/mavlink/message_definitions/v1.0/minimal.xml
Generating C implementation in directory include/v2.0/standard
Generating C implementation in directory include/v2.0/minimal
Merged enum MAV_CMD
Found 225 MAVLink message types in 4 XML files
Copying fixed headers for protocol 2.0 to include/v2.0
Generating C headers
Generating C implementation in directory include/v2.0/AVSSUAS
Generating C++ implementation in directory include/v2.0/uAvionix
Generating C++ implementation in directory include/v2.0/common
Generating C implementation in directory include/v2.0/common
Validating /home/tejal/catkin_ws/src/mavlink/message_definitions/v1.0/ardupilotmega.xml
Parsing /home/tejal/catkin_ws/src/mavlink/message_definitions/v1.0/ardupilotmega.xml
Validating /home/tejal/catkin_ws/src/mavlink/message_definitions/v1.0/common.xml
Generating C implementation in directory include/v1.0/development
Generating C implementation in directory include/v1.0/icarous
Generating C implementation in directory include/v1.0/minimal
Generating C implementation in directory include/v1.0/python_array_test
Generating C implementation in directory include/v1.0/standard
Generating C implementation in directory include/v1.0/test
Generating C implementation in directory include/v1.0/ualberta
Generating C implementation in directory include/v1.0/uAvionix
Parsing /home/tejal/catkin_ws/src/mavlink/message_definitions/v1.0/common.xml
Generating C implementation in directory include/v1.0/storm32
Generating C implementation in directory include/v1.0/AVSSUAS
Generating C implementation in directory include/v1.0/cubepilot
Generating C implementation in directory include/v1.0/csAirLink
Copying fixed headers for protocol 1.0 to include/v1.0
Generating C implementation in directory include/v2.0/common
[ 76%] Built target all.xml-v1.0
[35m[1mScanning dependencies of target ASLUAV.xml-v2.0[0m
[ 80%] [34m[1mGenerating ASLUAV-v2.0-cxx-stamp[0m
Generating C++ implementation in directory include/v2.0/standard
Generating C++ implementation in directory include/v2.0/minimal
Copying fixed C++ headers for protocol 2.0 to include/v2.0
Validating /home/tejal/catkin_ws/src/mavlink/message_definitions/v1.0/uAvionix.xml
Parsing /home/tejal/catkin_ws/src/mavlink/message_definitions/v1.0/uAvionix.xml
Validating /home/tejal/catkin_ws/src/mavlink/message_definitions/v1.0/icarous.xml
Parsing /home/tejal/catkin_ws/src/mavlink/message_definitions/v1.0/icarous.xml
Validating /home/tejal/catkin_ws/src/mavlink/message_definitions/v1.0/cubepilot.xml
Parsing /home/tejal/catkin_ws/src/mavlink/message_definitions/v1.0/cubepilot.xml
Validating /home/tejal/catkin_ws/src/mavlink/message_definitions/v1.0/csAirLink.xml
Parsing /home/tejal/catkin_ws/src/mavlink/message_definitions/v1.0/csAirLink.xml
Validating /home/tejal/catkin_ws/src/mavlink/message_definitions/v1.0/standard.xml
Parsing /home/tejal/catkin_ws/src/mavlink/message_definitions/v1.0/standard.xml
Validating /home/tejal/catkin_ws/src/mavlink/message_definitions/v1.0/minimal.xml
Parsing /home/tejal/catkin_ws/src/mavlink/message_definitions/v1.0/minimal.xml
Validating /home/tejal/catkin_ws/src/mavlink/message_definitions/v1.0/ASLUAV.xml
Merged enum MAV_CMD
[ 80%] Built target uAvionix.xml-v2.0
Parsing /home/tejal/catkin_ws/src/mavlink/message_definitions/v1.0/ASLUAV.xml
Found 302 MAVLink message types in 8 XML files
Validating /home/tejal/catkin_ws/src/mavlink/message_definitions/v1.0/common.xml
Generating C headers
Generating C implementation in directory include/v2.0/ardupilotmega
[35m[1mScanning dependencies of target csAirLink.xml-v2.0[0m
[ 83%] [34m[1mGenerating csAirLink-v2.0-cxx-stamp[0m
Parsing /home/tejal/catkin_ws/src/mavlink/message_definitions/v1.0/common.xml
Validating /home/tejal/catkin_ws/src/mavlink/message_definitions/v1.0/csAirLink.xml
Parsing /home/tejal/catkin_ws/src/mavlink/message_definitions/v1.0/csAirLink.xml
Found 6 MAVLink message types in 1 XML files
Generating C headers
Generating C implementation in directory include/v2.0/csAirLink
Copying fixed headers for protocol 2.0 to include/v2.0
Generating C++ implementation in directory include/v2.0/csAirLink
Copying fixed C++ headers for protocol 2.0 to include/v2.0
Generating C implementation in directory include/v1.0/standard
Generating C implementation in directory include/v1.0/minimal
Copying fixed headers for protocol 1.0 to include/v1.0
[ 83%] Built target csAirLink.xml-v2.0
[35m[1mScanning dependencies of target matrixpilot.xml-v1.0[0m
[ 83%] Built target development.xml-v1.0
Validating /home/tejal/catkin_ws/src/mavlink/message_definitions/v1.0/standard.xml
Parsing /home/tejal/catkin_ws/src/mavlink/message_definitions/v1.0/standard.xml
[ 86%] [34m[1mGenerating include/v1.0/matrixpilot/matrixpilot.h[0m
Validating /home/tejal/catkin_ws/src/mavlink/message_definitions/v1.0/minimal.xml
Parsing /home/tejal/catkin_ws/src/mavlink/message_definitions/v1.0/minimal.xml
Merged enum MAV_CMD
[35m[1mScanning dependencies of target AVSSUAS.xml-v1.0[0m
Found 238 MAVLink message types in 4 XML files
Generating C implementation in directory include/v2.0/common
Generating C headers
Generating C implementation in directory include/v2.0/ASLUAV
[ 90%] Built target AVSSUAS.xml-v1.0
[35m[1mScanning dependencies of target development.xml-v2.0[0m
[ 93%] [34m[1mGenerating development-v2.0-cxx-stamp[0m
Validating /home/tejal/catkin_ws/src/mavlink/message_definitions/v1.0/matrixpilot.xml
Parsing /home/tejal/catkin_ws/src/mavlink/message_definitions/v1.0/matrixpilot.xml
Validating /home/tejal/catkin_ws/src/mavlink/message_definitions/v1.0/common.xml
Generating C implementation in directory include/v2.0/common
Parsing /home/tejal/catkin_ws/src/mavlink/message_definitions/v1.0/common.xml
Validating /home/tejal/catkin_ws/src/mavlink/message_definitions/v1.0/development.xml
Parsing /home/tejal/catkin_ws/src/mavlink/message_definitions/v1.0/development.xml
Validating /home/tejal/catkin_ws/src/mavlink/message_definitions/v1.0/common.xml
Generating C implementation in directory include/v2.0/development
Parsing /home/tejal/catkin_ws/src/mavlink/message_definitions/v1.0/common.xml
Generating C implementation in directory include/v2.0/icarous
Validating /home/tejal/catkin_ws/src/mavlink/message_definitions/v1.0/standard.xml
Generating C implementation in directory include/v2.0/minimal
Parsing /home/tejal/catkin_ws/src/mavlink/message_definitions/v1.0/standard.xml
Validating /home/tejal/catkin_ws/src/mavlink/message_definitions/v1.0/minimal.xml
Parsing /home/tejal/catkin_ws/src/mavlink/message_definitions/v1.0/minimal.xml
Generating C implementation in directory include/v2.0/python_array_test
Merged enum MAV_CMD
Found 169 MAVLink message types in 4 XML files
Generating C implementation in directory include/v1.0/matrixpilot
Generating C implementation in directory include/v2.0/standard
Generating C implementation in directory include/v2.0/test
Generating C implementation in directory include/v2.0/ualberta
Generating C implementation in directory include/v2.0/uAvionix
Generating C implementation in directory include/v2.0/storm32
Generating C implementation in directory include/v2.0/standard
Generating C implementation in directory include/v2.0/minimal
Validating /home/tejal/catkin_ws/src/mavlink/message_definitions/v1.0/standard.xml
Parsing /home/tejal/catkin_ws/src/mavlink/message_definitions/v1.0/standard.xml
Validating /home/tejal/catkin_ws/src/mavlink/message_definitions/v1.0/minimal.xml
Parsing /home/tejal/catkin_ws/src/mavlink/message_definitions/v1.0/minimal.xml
Copying fixed headers for protocol 2.0 to include/v2.0
Generating C++ implementation in directory include/v2.0/AVSSUAS
Merged enum MAV_CMD
Generating C implementation in directory include/v2.0/AVSSUAS
Found 236 MAVLink message types in 4 XML files
Generating C++ implementation in directory include/v2.0/common
Generating C headers
Generating C implementation in directory include/v2.0/cubepilot
Generating C implementation in directory include/v2.0/development
Generating C implementation in directory include/v1.0/common
Generating C implementation in directory include/v2.0/csAirLink
Copying fixed headers for protocol 2.0 to include/v2.0
Generating C++ implementation in directory include/v2.0/all
Generating C++ implementation in directory include/v2.0/ardupilotmega
Generating C implementation in directory include/v2.0/common
Generating C++ implementation in directory include/v2.0/ASLUAV
Generating C implementation in directory include/v2.0/uAvionix
Generating C++ implementation in directory include/v2.0/common
Generating C implementation in directory include/v2.0/icarous
Generating C implementation in directory include/v2.0/cubepilot
Generating C implementation in directory include/v2.0/csAirLink
Generating C implementation in directory include/v2.0/standard
Generating C implementation in directory include/v2.0/minimal
Copying fixed headers for protocol 2.0 to include/v2.0
Generating C++ implementation in directory include/v2.0/storm32
Generating C++ implementation in directory include/v2.0/ardupilotmega
Generating C++ implementation in directory include/v2.0/standard
Generating C++ implementation in directory include/v2.0/minimal
Copying fixed C++ headers for protocol 2.0 to include/v2.0
Generating C++ implementation in directory include/v2.0/common
[ 93%] Built target AVSSUAS.xml-v2.0
[35m[1mScanning dependencies of target matrixpilot.xml-v2.0[0m
[ 96%] [34m[1mGenerating matrixpilot-v2.0-cxx-stamp[0m
Generating C++ implementation in directory include/v2.0/development
Generating C++ implementation in directory include/v2.0/icarous
Generating C++ implementation in directory include/v2.0/minimal
Generating C++ implementation in directory include/v2.0/python_array_test
Generating C++ implementation in directory include/v2.0/standard
Generating C++ implementation in directory include/v2.0/test
Generating C++ implementation in directory include/v2.0/ualberta
Generating C++ implementation in directory include/v2.0/uAvionix
Generating C++ implementation in directory include/v2.0/storm32
Validating /home/tejal/catkin_ws/src/mavlink/message_definitions/v1.0/matrixpilot.xml
Parsing /home/tejal/catkin_ws/src/mavlink/message_definitions/v1.0/matrixpilot.xml
Generating C++ implementation in directory include/v2.0/AVSSUAS
Generating C++ implementation in directory include/v2.0/cubepilot
Generating C++ implementation in directory include/v2.0/csAirLink
Validating /home/tejal/catkin_ws/src/mavlink/message_definitions/v1.0/common.xml
Copying fixed C++ headers for protocol 2.0 to include/v2.0
[ 96%] Built target all.xml-v2.0
Parsing /home/tejal/catkin_ws/src/mavlink/message_definitions/v1.0/common.xml
Generating C implementation in directory include/v1.0/standard
Generating C implementation in directory include/v1.0/minimal
Copying fixed headers for protocol 1.0 to include/v1.0
Generating C++ implementation in directory include/v2.0/uAvionix
Generating C++ implementation in directory include/v2.0/icarous
Generating C implementation in directory include/v2.0/uAvionix
Generating C++ implementation in directory include/v2.0/cubepilot
[ 96%] Built target matrixpilot.xml-v1.0
Generating C++ implementation in directory include/v2.0/csAirLink
Generating C++ implementation in directory include/v2.0/standard
Generating C++ implementation in directory include/v2.0/minimal
Generating C implementation in directory include/v2.0/icarous
Copying fixed C++ headers for protocol 2.0 to include/v2.0
Generating C implementation in directory include/v2.0/cubepilot
Generating C implementation in directory include/v2.0/csAirLink
Generating C implementation in directory include/v2.0/standard
Generating C implementation in directory include/v2.0/minimal
Copying fixed headers for protocol 2.0 to include/v2.0
Generating C++ implementation in directory include/v2.0/ardupilotmega
[ 96%] Built target storm32.xml-v2.0
Generating C implementation in directory include/v2.0/standard
Generating C implementation in directory include/v2.0/minimal
Copying fixed headers for protocol 2.0 to include/v2.0
Generating C++ implementation in directory include/v2.0/ASLUAV
Generating C++ implementation in directory include/v2.0/common
Validating /home/tejal/catkin_ws/src/mavlink/message_definitions/v1.0/standard.xml
Parsing /home/tejal/catkin_ws/src/mavlink/message_definitions/v1.0/standard.xml
Validating /home/tejal/catkin_ws/src/mavlink/message_definitions/v1.0/minimal.xml
Parsing /home/tejal/catkin_ws/src/mavlink/message_definitions/v1.0/minimal.xml
Generating C++ implementation in directory include/v2.0/common
Merged enum MAV_CMD
Found 248 MAVLink message types in 4 XML files
Generating C headers
Generating C implementation in directory include/v2.0/matrixpilot
Generating C implementation in directory include/v2.0/common
Generating C++ implementation in directory include/v2.0/uAvionix
Generating C++ implementation in directory include/v2.0/icarous
Generating C++ implementation in directory include/v2.0/cubepilot
Generating C++ implementation in directory include/v2.0/csAirLink
Generating C++ implementation in directory include/v2.0/standard
Generating C++ implementation in directory include/v2.0/minimal
Copying fixed C++ headers for protocol 2.0 to include/v2.0
[ 96%] Built target ardupilotmega.xml-v2.0
Generating C++ implementation in directory include/v2.0/standard
Generating C++ implementation in directory include/v2.0/minimal
Generating C implementation in directory include/v2.0/standard
Generating C implementation in directory include/v2.0/minimal
Copying fixed C++ headers for protocol 2.0 to include/v2.0
Copying fixed headers for protocol 2.0 to include/v2.0
Generating C++ implementation in directory include/v2.0/development
Generating C++ implementation in directory include/v2.0/common
[ 96%] Built target ASLUAV.xml-v2.0
Generating C++ implementation in directory include/v2.0/standard
Generating C++ implementation in directory include/v2.0/minimal
Copying fixed C++ headers for protocol 2.0 to include/v2.0
[ 96%] Built target development.xml-v2.0
Generating C implementation in directory include/v2.0/standard
Generating C implementation in directory include/v2.0/minimal
Copying fixed headers for protocol 2.0 to include/v2.0
Generating C++ implementation in directory include/v2.0/matrixpilot
Generating C++ implementation in directory include/v2.0/common
Generating C++ implementation in directory include/v2.0/standard
Generating C++ implementation in directory include/v2.0/minimal
Copying fixed C++ headers for protocol 2.0 to include/v2.0
[ 96%] Built target matrixpilot.xml-v2.0
[35m[1mScanning dependencies of target common.xml-v2.0[0m
[100%] [34m[1mGenerating common-v2.0-cxx-stamp[0m
Validating /home/tejal/catkin_ws/src/mavlink/message_definitions/v1.0/common.xml
Parsing /home/tejal/catkin_ws/src/mavlink/message_definitions/v1.0/common.xml
Validating /home/tejal/catkin_ws/src/mavlink/message_definitions/v1.0/standard.xml
Parsing /home/tejal/catkin_ws/src/mavlink/message_definitions/v1.0/standard.xml
Validating /home/tejal/catkin_ws/src/mavlink/message_definitions/v1.0/minimal.xml
Parsing /home/tejal/catkin_ws/src/mavlink/message_definitions/v1.0/minimal.xml
Found 221 MAVLink message types in 3 XML files
Generating C headers
Generating C implementation in directory include/v2.0/common
Generating C implementation in directory include/v2.0/standard
Generating C implementation in directory include/v2.0/minimal
Copying fixed headers for protocol 2.0 to include/v2.0
Generating C++ implementation in directory include/v2.0/common
Generating C++ implementation in directory include/v2.0/standard
Generating C++ implementation in directory include/v2.0/minimal
Copying fixed C++ headers for protocol 2.0 to include/v2.0
[100%] Built target common.xml-v2.0
